<?xml version="1.0" encoding="UTF-8"?>
<!-- Generated by org.testng.reporters.JUnitXMLReporter -->
<testsuite hostname="Venky1" name="Test" tests="1" failures="1" timestamp="13 Mar 2021 06:35:31 GMT" time="29.607" errors="0">
  <testcase name="flightSearch" time="29.572" classname="com.ixigo.TestScripts.FlightSearch">
    <failure type="java.lang.NullPointerException">
      <![CDATA[java.lang.NullPointerException
	at org.openqa.selenium.support.pagefactory.internal.LocatingElementHandler.invoke(LocatingElementHandler.java:51)
	at com.sun.proxy.$Proxy5.isDisplayed(Unknown Source)
	at org.openqa.selenium.support.ui.ExpectedConditions.elementIfVisible(ExpectedConditions.java:302)
	at org.openqa.selenium.support.ui.ExpectedConditions.access$100(ExpectedConditions.java:41)
	at org.openqa.selenium.support.ui.ExpectedConditions$10.apply(ExpectedConditions.java:288)
	at org.openqa.selenium.support.ui.ExpectedConditions$10.apply(ExpectedConditions.java:285)
	at org.openqa.selenium.support.ui.FluentWait.until(FluentWait.java:238)
	at com.ixigo.TestScripts.FlightSearch.flightSearch(FlightSearch.java:57)
... Removed 28 stack frames]]>
    </failure>
  </testcase> <!-- flightSearch -->
</testsuite> <!-- Test -->
